mode: set
github.com/yourusername/firmware-upgrader/cmd/firmware-upgrader/main.go:25.13,36.14 3 0
github.com/yourusername/firmware-upgrader/cmd/firmware-upgrader/main.go:36.14,39.3 2 0
github.com/yourusername/firmware-upgrader/cmd/firmware-upgrader/main.go:42.2,52.16 4 0
github.com/yourusername/firmware-upgrader/cmd/firmware-upgrader/main.go:52.16,54.3 1 0
github.com/yourusername/firmware-upgrader/cmd/firmware-upgrader/main.go:55.2,61.16 4 0
github.com/yourusername/firmware-upgrader/cmd/firmware-upgrader/main.go:61.16,63.3 1 0
github.com/yourusername/firmware-upgrader/cmd/firmware-upgrader/main.go:66.2,67.23 2 0
github.com/yourusername/firmware-upgrader/cmd/firmware-upgrader/main.go:67.23,68.62 1 0
github.com/yourusername/firmware-upgrader/cmd/firmware-upgrader/main.go:68.62,70.4 1 0
github.com/yourusername/firmware-upgrader/cmd/firmware-upgrader/main.go:70.9,72.4 1 0
github.com/yourusername/firmware-upgrader/cmd/firmware-upgrader/main.go:75.2,80.28 5 0
github.com/yourusername/firmware-upgrader/cmd/firmware-upgrader/main.go:80.28,82.3 1 0
github.com/yourusername/firmware-upgrader/cmd/firmware-upgrader/main.go:83.2,83.21 1 0
github.com/yourusername/firmware-upgrader/cmd/firmware-upgrader/main.go:83.21,85.3 1 0
github.com/yourusername/firmware-upgrader/cmd/firmware-upgrader/main.go:86.2,86.24 1 0
github.com/yourusername/firmware-upgrader/cmd/firmware-upgrader/main.go:86.24,88.3 1 0
github.com/yourusername/firmware-upgrader/cmd/firmware-upgrader/main.go:89.2,89.21 1 0
github.com/yourusername/firmware-upgrader/cmd/firmware-upgrader/main.go:89.21,91.3 1 0
github.com/yourusername/firmware-upgrader/cmd/firmware-upgrader/main.go:93.2,115.12 5 0
github.com/yourusername/firmware-upgrader/cmd/firmware-upgrader/main.go:115.12,116.40 1 0
github.com/yourusername/firmware-upgrader/cmd/firmware-upgrader/main.go:116.40,118.4 1 0
github.com/yourusername/firmware-upgrader/cmd/firmware-upgrader/main.go:121.2,130.12 3 0
github.com/yourusername/firmware-upgrader/cmd/firmware-upgrader/main.go:130.12,132.37 2 0
github.com/yourusername/firmware-upgrader/cmd/firmware-upgrader/main.go:132.37,134.4 1 0
github.com/yourusername/firmware-upgrader/cmd/firmware-upgrader/main.go:138.2,152.50 8 0
github.com/yourusername/firmware-upgrader/cmd/firmware-upgrader/main.go:152.50,154.3 1 0
github.com/yourusername/firmware-upgrader/cmd/firmware-upgrader/main.go:156.2,156.58 1 0
github.com/yourusername/firmware-upgrader/cmd/firmware-upgrader/main.go:159.33,167.15 2 0
github.com/yourusername/firmware-upgrader/cmd/firmware-upgrader/main.go:168.15,169.45 1 0
github.com/yourusername/firmware-upgrader/cmd/firmware-upgrader/main.go:170.14,171.44 1 0
github.com/yourusername/firmware-upgrader/cmd/firmware-upgrader/main.go:172.14,173.44 1 0
github.com/yourusername/firmware-upgrader/cmd/firmware-upgrader/main.go:174.15,175.45 1 0
github.com/yourusername/firmware-upgrader/cmd/firmware-upgrader/main.go:176.10,178.75 2 0
github.com/yourusername/firmware-upgrader/internal/api/server.go:34.76,53.2 4 0
github.com/yourusername/firmware-upgrader/internal/api/server.go:56.32,59.2 2 0
github.com/yourusername/firmware-upgrader/internal/api/server.go:62.54,64.2 1 0
github.com/yourusername/firmware-upgrader/internal/api/server.go:67.32,110.28 26 0
github.com/yourusername/firmware-upgrader/internal/api/server.go:110.28,112.3 1 0
github.com/yourusername/firmware-upgrader/internal/api/server.go:117.68,118.71 1 0
github.com/yourusername/firmware-upgrader/internal/api/server.go:118.71,126.3 3 0
github.com/yourusername/firmware-upgrader/internal/api/server.go:129.65,130.71 1 0
github.com/yourusername/firmware-upgrader/internal/api/server.go:130.71,135.28 4 0
github.com/yourusername/firmware-upgrader/internal/api/server.go:135.28,138.4 2 0
github.com/yourusername/firmware-upgrader/internal/api/server.go:140.3,140.23 1 0
github.com/yourusername/firmware-upgrader/internal/api/server.go:146.83,149.17 3 0
github.com/yourusername/firmware-upgrader/internal/api/server.go:149.17,151.3 1 0
github.com/yourusername/firmware-upgrader/internal/api/server.go:154.82,156.2 1 0
github.com/yourusername/firmware-upgrader/internal/api/server.go:160.73,162.16 2 0
github.com/yourusername/firmware-upgrader/internal/api/server.go:162.16,166.3 3 0
github.com/yourusername/firmware-upgrader/internal/api/server.go:168.2,168.21 1 0
github.com/yourusername/firmware-upgrader/internal/api/server.go:168.21,170.3 1 0
github.com/yourusername/firmware-upgrader/internal/api/server.go:172.2,172.43 1 0
github.com/yourusername/firmware-upgrader/internal/api/server.go:175.75,177.62 2 0
github.com/yourusername/firmware-upgrader/internal/api/server.go:177.62,180.3 2 0
github.com/yourusername/firmware-upgrader/internal/api/server.go:182.2,183.16 2 0
github.com/yourusername/firmware-upgrader/internal/api/server.go:183.16,187.3 3 0
github.com/yourusername/firmware-upgrader/internal/api/server.go:190.2,200.4 2 0
github.com/yourusername/firmware-upgrader/internal/api/server.go:203.72,208.31 4 0
github.com/yourusername/firmware-upgrader/internal/api/server.go:208.31,211.3 2 0
github.com/yourusername/firmware-upgrader/internal/api/server.go:212.2,212.16 1 0
github.com/yourusername/firmware-upgrader/internal/api/server.go:212.16,216.3 3 0
github.com/yourusername/firmware-upgrader/internal/api/server.go:218.2,218.39 1 0
github.com/yourusername/firmware-upgrader/internal/api/server.go:221.75,226.62 4 0
github.com/yourusername/firmware-upgrader/internal/api/server.go:226.62,229.3 2 0
github.com/yourusername/firmware-upgrader/internal/api/server.go:230.2,232.47 2 0
github.com/yourusername/firmware-upgrader/internal/api/server.go:232.47,236.3 3 0
github.com/yourusername/firmware-upgrader/internal/api/server.go:239.2,246.67 2 0
github.com/yourusername/firmware-upgrader/internal/api/server.go:249.75,253.44 3 0
github.com/yourusername/firmware-upgrader/internal/api/server.go:253.44,254.32 1 0
github.com/yourusername/firmware-upgrader/internal/api/server.go:254.32,257.4 2 0
github.com/yourusername/firmware-upgrader/internal/api/server.go:258.3,260.9 3 0
github.com/yourusername/firmware-upgrader/internal/api/server.go:264.2,271.67 2 0
github.com/yourusername/firmware-upgrader/internal/api/server.go:274.79,278.12 3 0
github.com/yourusername/firmware-upgrader/internal/api/server.go:278.12,279.53 1 0
github.com/yourusername/firmware-upgrader/internal/api/server.go:279.53,281.4 1 0
github.com/yourusername/firmware-upgrader/internal/api/server.go:284.2,286.4 1 0
github.com/yourusername/firmware-upgrader/internal/api/server.go:289.84,293.16 3 0
github.com/yourusername/firmware-upgrader/internal/api/server.go:293.16,297.3 3 0
github.com/yourusername/firmware-upgrader/internal/api/server.go:299.2,300.32 2 0
github.com/yourusername/firmware-upgrader/internal/api/server.go:300.32,301.20 1 0
github.com/yourusername/firmware-upgrader/internal/api/server.go:301.20,302.12 1 0
github.com/yourusername/firmware-upgrader/internal/api/server.go:305.3,305.19 1 0
github.com/yourusername/firmware-upgrader/internal/api/server.go:305.19,306.54 1 0
github.com/yourusername/firmware-upgrader/internal/api/server.go:306.54,308.5 1 0
github.com/yourusername/firmware-upgrader/internal/api/server.go:311.3,311.19 1 0
github.com/yourusername/firmware-upgrader/internal/api/server.go:314.2,317.4 1 0
github.com/yourusername/firmware-upgrader/internal/api/server.go:322.75,324.50 2 0
github.com/yourusername/firmware-upgrader/internal/api/server.go:324.50,326.3 1 0
github.com/yourusername/firmware-upgrader/internal/api/server.go:328.2,329.16 2 0
github.com/yourusername/firmware-upgrader/internal/api/server.go:329.16,333.3 3 0
github.com/yourusername/firmware-upgrader/internal/api/server.go:335.2,335.19 1 0
github.com/yourusername/firmware-upgrader/internal/api/server.go:335.19,337.3 1 0
github.com/yourusername/firmware-upgrader/internal/api/server.go:339.2,339.41 1 0
github.com/yourusername/firmware-upgrader/internal/api/server.go:342.73,347.31 4 0
github.com/yourusername/firmware-upgrader/internal/api/server.go:347.31,350.3 2 0
github.com/yourusername/firmware-upgrader/internal/api/server.go:351.2,351.16 1 0
github.com/yourusername/firmware-upgrader/internal/api/server.go:351.16,355.3 3 0
github.com/yourusername/firmware-upgrader/internal/api/server.go:357.2,357.40 1 0
github.com/yourusername/firmware-upgrader/internal/api/server.go:362.74,364.16 2 0
github.com/yourusername/firmware-upgrader/internal/api/server.go:364.16,368.3 3 0
github.com/yourusername/firmware-upgrader/internal/api/server.go:370.2,370.18 1 0
github.com/yourusername/firmware-upgrader/internal/api/server.go:370.18,372.3 1 0
github.com/yourusername/firmware-upgrader/internal/api/server.go:374.2,374.40 1 0
github.com/yourusername/firmware-upgrader/internal/api/server.go:377.75,379.62 2 0
github.com/yourusername/firmware-upgrader/internal/api/server.go:379.62,382.3 2 0
github.com/yourusername/firmware-upgrader/internal/api/server.go:384.2,385.16 2 0
github.com/yourusername/firmware-upgrader/internal/api/server.go:385.16,389.3 3 0
github.com/yourusername/firmware-upgrader/internal/api/server.go:392.2,402.4 2 0
github.com/yourusername/firmware-upgrader/internal/api/server.go:405.72,410.31 4 0
github.com/yourusername/firmware-upgrader/internal/api/server.go:410.31,413.3 2 0
github.com/yourusername/firmware-upgrader/internal/api/server.go:414.2,414.16 1 0
github.com/yourusername/firmware-upgrader/internal/api/server.go:414.16,418.3 3 0
github.com/yourusername/firmware-upgrader/internal/api/server.go:420.2,420.39 1 0
github.com/yourusername/firmware-upgrader/internal/api/server.go:423.75,428.62 4 0
github.com/yourusername/firmware-upgrader/internal/api/server.go:428.62,431.3 2 0
github.com/yourusername/firmware-upgrader/internal/api/server.go:432.2,434.47 2 0
github.com/yourusername/firmware-upgrader/internal/api/server.go:434.47,438.3 3 0
github.com/yourusername/firmware-upgrader/internal/api/server.go:441.2,448.67 2 0
github.com/yourusername/firmware-upgrader/internal/api/server.go:451.75,455.44 3 0
github.com/yourusername/firmware-upgrader/internal/api/server.go:455.44,456.32 1 0
github.com/yourusername/firmware-upgrader/internal/api/server.go:456.32,459.4 2 0
github.com/yourusername/firmware-upgrader/internal/api/server.go:460.3,462.9 3 0
github.com/yourusername/firmware-upgrader/internal/api/server.go:466.2,473.67 2 0
github.com/yourusername/firmware-upgrader/internal/api/server.go:478.73,481.46 3 0
github.com/yourusername/firmware-upgrader/internal/api/server.go:481.46,483.3 1 0
github.com/yourusername/firmware-upgrader/internal/api/server.go:485.2,486.16 2 0
github.com/yourusername/firmware-upgrader/internal/api/server.go:486.16,490.3 3 0
github.com/yourusername/firmware-upgrader/internal/api/server.go:492.2,492.17 1 0
github.com/yourusername/firmware-upgrader/internal/api/server.go:492.17,494.3 1 0
github.com/yourusername/firmware-upgrader/internal/api/server.go:496.2,496.39 1 0
github.com/yourusername/firmware-upgrader/internal/api/server.go:499.71,504.31 4 0
github.com/yourusername/firmware-upgrader/internal/api/server.go:504.31,507.3 2 0
github.com/yourusername/firmware-upgrader/internal/api/server.go:508.2,508.16 1 0
github.com/yourusername/firmware-upgrader/internal/api/server.go:508.16,512.3 3 0
github.com/yourusername/firmware-upgrader/internal/api/server.go:514.2,514.38 1 0
github.com/yourusername/firmware-upgrader/internal/api/server.go:517.73,522.31 4 0
github.com/yourusername/firmware-upgrader/internal/api/server.go:522.31,525.3 2 0
github.com/yourusername/firmware-upgrader/internal/api/server.go:526.2,526.16 1 0
github.com/yourusername/firmware-upgrader/internal/api/server.go:526.16,530.3 3 0
github.com/yourusername/firmware-upgrader/internal/api/server.go:533.2,539.44 6 0
github.com/yourusername/firmware-upgrader/internal/api/server.go:539.44,543.3 3 0
github.com/yourusername/firmware-upgrader/internal/api/server.go:545.2,545.67 1 0
github.com/yourusername/firmware-upgrader/internal/api/server.go:548.78,551.12 2 0
github.com/yourusername/firmware-upgrader/internal/api/server.go:551.12,552.50 1 0
github.com/yourusername/firmware-upgrader/internal/api/server.go:552.50,554.4 1 0
github.com/yourusername/firmware-upgrader/internal/api/server.go:557.2,559.4 1 0
github.com/yourusername/firmware-upgrader/internal/api/server.go:564.81,566.46 2 0
github.com/yourusername/firmware-upgrader/internal/api/server.go:566.46,568.3 1 0
github.com/yourusername/firmware-upgrader/internal/api/server.go:570.2,571.47 2 0
github.com/yourusername/firmware-upgrader/internal/api/server.go:571.47,573.3 1 0
github.com/yourusername/firmware-upgrader/internal/api/server.go:575.2,576.16 2 0
github.com/yourusername/firmware-upgrader/internal/api/server.go:576.16,580.3 3 0
github.com/yourusername/firmware-upgrader/internal/api/server.go:582.2,582.17 1 0
github.com/yourusername/firmware-upgrader/internal/api/server.go:582.17,584.3 1 0
github.com/yourusername/firmware-upgrader/internal/api/server.go:586.2,586.39 1 0
github.com/yourusername/firmware-upgrader/internal/api/server.go:591.77,593.16 2 0
github.com/yourusername/firmware-upgrader/internal/api/server.go:593.16,597.3 3 0
github.com/yourusername/firmware-upgrader/internal/api/server.go:599.2,599.43 1 0
github.com/yourusername/firmware-upgrader/internal/api/server.go:602.75,607.16 4 0
github.com/yourusername/firmware-upgrader/internal/api/server.go:607.16,610.3 2 0
github.com/yourusername/firmware-upgrader/internal/api/server.go:612.2,615.4 1 0
github.com/yourusername/firmware-upgrader/internal/api/server.go:618.78,626.61 4 0
github.com/yourusername/firmware-upgrader/internal/api/server.go:626.61,629.3 2 0
github.com/yourusername/firmware-upgrader/internal/api/server.go:631.2,631.56 1 0
github.com/yourusername/firmware-upgrader/internal/api/server.go:631.56,635.3 3 0
github.com/yourusername/firmware-upgrader/internal/api/server.go:638.2,645.67 2 0
github.com/yourusername/firmware-upgrader/internal/snmp/client.go:44.52,45.17 1 1
github.com/yourusername/firmware-upgrader/internal/snmp/client.go:45.17,47.3 1 1
github.com/yourusername/firmware-upgrader/internal/snmp/client.go:50.2,51.26 2 1
github.com/yourusername/firmware-upgrader/internal/snmp/client.go:52.9,53.28 1 1
github.com/yourusername/firmware-upgrader/internal/snmp/client.go:54.9,55.29 1 1
github.com/yourusername/firmware-upgrader/internal/snmp/client.go:56.9,57.28 1 1
github.com/yourusername/firmware-upgrader/internal/snmp/client.go:58.10,59.29 1 1
github.com/yourusername/firmware-upgrader/internal/snmp/client.go:62.2,78.12 5 1
github.com/yourusername/firmware-upgrader/internal/snmp/client.go:78.12,80.3 1 1
github.com/yourusername/firmware-upgrader/internal/snmp/client.go:82.2,82.9 1 1
github.com/yourusername/firmware-upgrader/internal/snmp/client.go:83.27,84.17 1 1
github.com/yourusername/firmware-upgrader/internal/snmp/client.go:84.17,87.4 1 1
github.com/yourusername/firmware-upgrader/internal/snmp/client.go:88.20,89.109 1 0
github.com/yourusername/firmware-upgrader/internal/snmp/client.go:92.2,97.33 2 1
github.com/yourusername/firmware-upgrader/internal/snmp/client.go:101.32,102.19 1 0
github.com/yourusername/firmware-upgrader/internal/snmp/client.go:102.19,104.3 1 0
github.com/yourusername/firmware-upgrader/internal/snmp/client.go:105.2,105.12 1 0
github.com/yourusername/firmware-upgrader/internal/snmp/client.go:109.82,118.16 4 0
github.com/yourusername/firmware-upgrader/internal/snmp/client.go:118.16,120.3 1 0
github.com/yourusername/firmware-upgrader/internal/snmp/client.go:122.2,134.36 4 0
github.com/yourusername/firmware-upgrader/internal/snmp/client.go:134.36,137.20 2 0
github.com/yourusername/firmware-upgrader/internal/snmp/client.go:137.20,138.12 1 0
github.com/yourusername/firmware-upgrader/internal/snmp/client.go:142.3,143.16 2 0
github.com/yourusername/firmware-upgrader/internal/snmp/client.go:143.16,145.12 2 0
github.com/yourusername/firmware-upgrader/internal/snmp/client.go:149.3,171.33 6 0
github.com/yourusername/firmware-upgrader/internal/snmp/client.go:174.2,179.20 2 0
github.com/yourusername/firmware-upgrader/internal/snmp/client.go:183.52,186.16 3 0
github.com/yourusername/firmware-upgrader/internal/snmp/client.go:186.16,188.3 1 0
github.com/yourusername/firmware-upgrader/internal/snmp/client.go:190.2,190.32 1 0
github.com/yourusername/firmware-upgrader/internal/snmp/client.go:190.32,192.3 1 0
github.com/yourusername/firmware-upgrader/internal/snmp/client.go:194.2,194.44 1 0
github.com/yourusername/firmware-upgrader/internal/snmp/client.go:198.57,201.16 3 0
github.com/yourusername/firmware-upgrader/internal/snmp/client.go:201.16,203.3 1 0
github.com/yourusername/firmware-upgrader/internal/snmp/client.go:205.2,205.32 1 0
github.com/yourusername/firmware-upgrader/internal/snmp/client.go:205.32,207.3 1 0
github.com/yourusername/firmware-upgrader/internal/snmp/client.go:210.2,210.47 1 0
github.com/yourusername/firmware-upgrader/internal/snmp/client.go:211.11,212.27 1 0
github.com/yourusername/firmware-upgrader/internal/snmp/client.go:213.13,214.27 1 0
github.com/yourusername/firmware-upgrader/internal/snmp/client.go:215.12,216.27 1 0
github.com/yourusername/firmware-upgrader/internal/snmp/client.go:217.14,218.27 1 0
github.com/yourusername/firmware-upgrader/internal/snmp/client.go:221.2,221.12 1 0
github.com/yourusername/firmware-upgrader/internal/snmp/client.go:225.56,228.16 3 0
github.com/yourusername/firmware-upgrader/internal/snmp/client.go:228.16,230.3 1 0
github.com/yourusername/firmware-upgrader/internal/snmp/client.go:232.2,232.32 1 0
github.com/yourusername/firmware-upgrader/internal/snmp/client.go:232.32,234.3 1 0
github.com/yourusername/firmware-upgrader/internal/snmp/client.go:241.2,241.35 1 0
github.com/yourusername/firmware-upgrader/internal/snmp/client.go:242.10,243.18 1 0
github.com/yourusername/firmware-upgrader/internal/snmp/client.go:244.10,245.18 1 0
github.com/yourusername/firmware-upgrader/internal/snmp/client.go:246.15,247.19 1 0
github.com/yourusername/firmware-upgrader/internal/snmp/client.go:248.10,249.19 1 0
github.com/yourusername/firmware-upgrader/internal/snmp/client.go:254.73,257.34 1 0
github.com/yourusername/firmware-upgrader/internal/snmp/client.go:257.34,259.3 1 0
github.com/yourusername/firmware-upgrader/internal/snmp/client.go:263.2,263.11 1 0
github.com/yourusername/firmware-upgrader/internal/snmp/client.go:267.85,276.16 3 0
github.com/yourusername/firmware-upgrader/internal/snmp/client.go:276.16,278.3 1 0
github.com/yourusername/firmware-upgrader/internal/snmp/client.go:279.2,279.32 1 0
github.com/yourusername/firmware-upgrader/internal/snmp/client.go:279.32,281.3 1 0
github.com/yourusername/firmware-upgrader/internal/snmp/client.go:284.2,284.83 1 0
github.com/yourusername/firmware-upgrader/internal/snmp/client.go:284.83,286.3 1 0
github.com/yourusername/firmware-upgrader/internal/snmp/client.go:287.2,290.85 2 0
github.com/yourusername/firmware-upgrader/internal/snmp/client.go:290.85,292.3 1 0
github.com/yourusername/firmware-upgrader/internal/snmp/client.go:293.2,296.77 2 0
github.com/yourusername/firmware-upgrader/internal/snmp/client.go:296.77,298.3 1 0
github.com/yourusername/firmware-upgrader/internal/snmp/client.go:300.2,306.12 2 0
github.com/yourusername/firmware-upgrader/internal/snmp/client.go:310.55,312.16 2 0
github.com/yourusername/firmware-upgrader/internal/snmp/client.go:312.16,314.3 1 0
github.com/yourusername/firmware-upgrader/internal/snmp/client.go:316.2,316.32 1 0
github.com/yourusername/firmware-upgrader/internal/snmp/client.go:316.32,318.3 1 0
github.com/yourusername/firmware-upgrader/internal/snmp/client.go:322.2,322.35 1 0
github.com/yourusername/firmware-upgrader/internal/snmp/client.go:323.9,324.28 1 0
github.com/yourusername/firmware-upgrader/internal/snmp/client.go:325.12,326.26 1 0
github.com/yourusername/firmware-upgrader/internal/snmp/client.go:327.9,328.23 1 0
github.com/yourusername/firmware-upgrader/internal/snmp/client.go:329.10,330.24 1 0
github.com/yourusername/firmware-upgrader/internal/snmp/client.go:335.88,343.16 3 0
github.com/yourusername/firmware-upgrader/internal/snmp/client.go:343.16,345.3 1 0
github.com/yourusername/firmware-upgrader/internal/snmp/client.go:347.2,347.36 1 0
github.com/yourusername/firmware-upgrader/internal/snmp/client.go:347.36,349.3 1 0
github.com/yourusername/firmware-upgrader/internal/snmp/client.go:351.2,351.12 1 0
github.com/yourusername/firmware-upgrader/internal/snmp/client.go:357.57,359.40 2 1
github.com/yourusername/firmware-upgrader/internal/snmp/client.go:359.40,361.3 1 1
github.com/yourusername/firmware-upgrader/internal/snmp/client.go:362.2,362.43 1 1
github.com/yourusername/firmware-upgrader/internal/snmp/client.go:366.52,367.34 1 1
github.com/yourusername/firmware-upgrader/internal/snmp/client.go:368.14,369.18 1 1
github.com/yourusername/firmware-upgrader/internal/snmp/client.go:369.18,371.4 1 1
github.com/yourusername/firmware-upgrader/internal/snmp/client.go:372.3,373.39 1 1
github.com/yourusername/firmware-upgrader/internal/snmp/client.go:374.14,376.29 1 1
github.com/yourusername/firmware-upgrader/internal/snmp/client.go:378.2,378.11 1 0
github.com/yourusername/firmware-upgrader/internal/snmp/client.go:382.42,389.20 4 1
github.com/yourusername/firmware-upgrader/internal/snmp/client.go:389.20,391.3 1 0
github.com/yourusername/firmware-upgrader/internal/snmp/client.go:394.2,395.65 1 1
github.com/yourusername/firmware-upgrader/internal/snmp/client.go:399.51,400.34 1 1
github.com/yourusername/firmware-upgrader/internal/snmp/client.go:401.14,402.18 1 1
github.com/yourusername/firmware-upgrader/internal/snmp/client.go:402.18,404.4 1 1
github.com/yourusername/firmware-upgrader/internal/snmp/client.go:405.3,405.12 1 1
github.com/yourusername/firmware-upgrader/internal/snmp/client.go:406.14,408.28 1 1
github.com/yourusername/firmware-upgrader/internal/snmp/client.go:408.28,410.4 1 1
github.com/yourusername/firmware-upgrader/internal/snmp/client.go:411.3,411.12 1 0
github.com/yourusername/firmware-upgrader/internal/snmp/client.go:413.2,413.11 1 0
github.com/yourusername/firmware-upgrader/internal/snmp/client.go:417.58,418.20 1 1
github.com/yourusername/firmware-upgrader/internal/snmp/client.go:418.20,420.3 1 1
github.com/yourusername/firmware-upgrader/internal/snmp/client.go:427.2,427.75 1 1
github.com/yourusername/firmware-upgrader/internal/snmp/client.go:427.75,429.21 2 1
github.com/yourusername/firmware-upgrader/internal/snmp/client.go:429.21,431.4 1 1
github.com/yourusername/firmware-upgrader/internal/snmp/client.go:433.2,433.72 1 1
github.com/yourusername/firmware-upgrader/internal/snmp/client.go:433.72,435.21 2 1
github.com/yourusername/firmware-upgrader/internal/snmp/client.go:435.21,437.4 1 1
github.com/yourusername/firmware-upgrader/internal/snmp/client.go:440.2,440.11 1 1
github.com/yourusername/firmware-upgrader/internal/snmp/client.go:444.75,454.39 2 0
github.com/yourusername/firmware-upgrader/internal/snmp/client.go:454.39,456.3 1 0
github.com/yourusername/firmware-upgrader/internal/snmp/client.go:458.2,460.33 2 0
github.com/yourusername/firmware-upgrader/internal/snmp/client.go:464.53,466.16 2 0
github.com/yourusername/firmware-upgrader/internal/snmp/client.go:466.16,468.3 1 0
github.com/yourusername/firmware-upgrader/internal/snmp/client.go:470.2,470.32 1 0
github.com/yourusername/firmware-upgrader/internal/snmp/client.go:470.32,472.3 1 0
github.com/yourusername/firmware-upgrader/internal/snmp/client.go:474.2,474.47 1 0
github.com/yourusername/firmware-upgrader/internal/snmp/client.go:475.14,476.24 1 0
github.com/yourusername/firmware-upgrader/internal/snmp/client.go:477.14,478.16 1 0
github.com/yourusername/firmware-upgrader/internal/snmp/client.go:479.10,480.59 1 0
github.com/yourusername/firmware-upgrader/internal/snmp/client.go:485.41,487.16 2 1
github.com/yourusername/firmware-upgrader/internal/snmp/client.go:487.16,489.3 1 1
github.com/yourusername/firmware-upgrader/internal/snmp/client.go:490.2,490.12 1 1
github.com/yourusername/firmware-upgrader/internal/models/models.go:59.68,61.75 2 1
github.com/yourusername/firmware-upgrader/internal/models/models.go:61.75,63.3 1 1
github.com/yourusername/firmware-upgrader/internal/models/models.go:64.2,64.23 1 1
github.com/yourusername/firmware-upgrader/internal/models/models.go:122.33,123.18 1 1
github.com/yourusername/firmware-upgrader/internal/models/models.go:123.18,125.3 1 1
github.com/yourusername/firmware-upgrader/internal/models/models.go:126.2,126.23 1 1
github.com/yourusername/firmware-upgrader/internal/models/models.go:126.23,128.3 1 1
github.com/yourusername/firmware-upgrader/internal/models/models.go:129.2,129.42 1 1
github.com/yourusername/firmware-upgrader/internal/models/models.go:129.42,131.3 1 1
github.com/yourusername/firmware-upgrader/internal/models/models.go:132.2,132.27 1 1
github.com/yourusername/firmware-upgrader/internal/models/models.go:132.27,134.3 1 1
github.com/yourusername/firmware-upgrader/internal/models/models.go:135.2,135.44 1 1
github.com/yourusername/firmware-upgrader/internal/models/models.go:135.44,137.3 1 1
github.com/yourusername/firmware-upgrader/internal/models/models.go:138.2,138.12 1 1
github.com/yourusername/firmware-upgrader/internal/models/models.go:142.40,143.18 1 1
github.com/yourusername/firmware-upgrader/internal/models/models.go:143.18,145.3 1 1
github.com/yourusername/firmware-upgrader/internal/models/models.go:146.2,146.67 1 1
github.com/yourusername/firmware-upgrader/internal/models/models.go:146.67,148.3 1 1
github.com/yourusername/firmware-upgrader/internal/models/models.go:149.2,149.26 1 1
github.com/yourusername/firmware-upgrader/internal/models/models.go:149.26,151.3 1 1
github.com/yourusername/firmware-upgrader/internal/models/models.go:152.2,152.30 1 1
github.com/yourusername/firmware-upgrader/internal/models/models.go:152.30,154.3 1 1
github.com/yourusername/firmware-upgrader/internal/models/models.go:157.2,158.16 2 1
github.com/yourusername/firmware-upgrader/internal/models/models.go:158.16,160.3 1 1
github.com/yourusername/firmware-upgrader/internal/models/models.go:162.2,162.12 1 1
github.com/yourusername/firmware-upgrader/internal/models/models.go:186.42,188.2 1 1
github.com/yourusername/firmware-upgrader/internal/models/models.go:196.35,198.2 1 1
github.com/yourusername/firmware-upgrader/internal/database/database.go:18.38,20.16 2 0
github.com/yourusername/firmware-upgrader/internal/database/database.go:20.16,22.3 1 0
github.com/yourusername/firmware-upgrader/internal/database/database.go:25.2,30.36 4 0
github.com/yourusername/firmware-upgrader/internal/database/database.go:30.36,32.3 1 0
github.com/yourusername/firmware-upgrader/internal/database/database.go:34.2,37.37 2 0
github.com/yourusername/firmware-upgrader/internal/database/database.go:37.37,39.3 1 0
github.com/yourusername/firmware-upgrader/internal/database/database.go:41.2,41.16 1 0
github.com/yourusername/firmware-upgrader/internal/database/database.go:45.29,47.2 1 1
github.com/yourusername/firmware-upgrader/internal/database/database.go:50.31,52.16 2 1
github.com/yourusername/firmware-upgrader/internal/database/database.go:52.16,54.3 1 0
github.com/yourusername/firmware-upgrader/internal/database/database.go:56.2,59.37 2 1
github.com/yourusername/firmware-upgrader/internal/database/database.go:59.37,61.3 1 0
github.com/yourusername/firmware-upgrader/internal/database/database.go:63.2,63.16 1 1
github.com/yourusername/firmware-upgrader/internal/database/database.go:67.40,79.16 2 1
github.com/yourusername/firmware-upgrader/internal/database/database.go:79.16,81.3 1 0
github.com/yourusername/firmware-upgrader/internal/database/database.go:84.2,94.16 2 1
github.com/yourusername/firmware-upgrader/internal/database/database.go:94.16,96.3 1 0
github.com/yourusername/firmware-upgrader/internal/database/database.go:99.2,109.16 2 1
github.com/yourusername/firmware-upgrader/internal/database/database.go:109.16,111.3 1 0
github.com/yourusername/firmware-upgrader/internal/database/database.go:113.2,113.12 1 1
github.com/yourusername/firmware-upgrader/internal/database/database.go:117.31,209.48 2 1
github.com/yourusername/firmware-upgrader/internal/database/database.go:209.48,211.3 1 0
github.com/yourusername/firmware-upgrader/internal/database/database.go:214.2,226.35 2 1
github.com/yourusername/firmware-upgrader/internal/database/database.go:226.35,232.17 2 1
github.com/yourusername/firmware-upgrader/internal/database/database.go:232.17,234.4 1 0
github.com/yourusername/firmware-upgrader/internal/database/database.go:237.2,237.12 1 1
github.com/yourusername/firmware-upgrader/internal/database/database.go:243.58,244.40 1 1
github.com/yourusername/firmware-upgrader/internal/database/database.go:244.40,246.3 1 0
github.com/yourusername/firmware-upgrader/internal/database/database.go:248.2,256.16 3 1
github.com/yourusername/firmware-upgrader/internal/database/database.go:256.16,258.3 1 0
github.com/yourusername/firmware-upgrader/internal/database/database.go:260.2,261.16 2 1
github.com/yourusername/firmware-upgrader/internal/database/database.go:261.16,263.3 1 0
github.com/yourusername/firmware-upgrader/internal/database/database.go:265.2,265.21 1 1
github.com/yourusername/firmware-upgrader/internal/database/database.go:269.53,281.26 4 1
github.com/yourusername/firmware-upgrader/internal/database/database.go:281.26,283.3 1 1
github.com/yourusername/firmware-upgrader/internal/database/database.go:284.2,284.16 1 1
github.com/yourusername/firmware-upgrader/internal/database/database.go:284.16,286.3 1 0
github.com/yourusername/firmware-upgrader/internal/database/database.go:288.2,291.19 3 1
github.com/yourusername/firmware-upgrader/internal/database/database.go:295.50,301.16 2 1
github.com/yourusername/firmware-upgrader/internal/database/database.go:301.16,303.3 1 0
github.com/yourusername/firmware-upgrader/internal/database/database.go:304.2,307.18 3 1
github.com/yourusername/firmware-upgrader/internal/database/database.go:307.18,315.17 4 1
github.com/yourusername/firmware-upgrader/internal/database/database.go:315.17,317.4 1 0
github.com/yourusername/firmware-upgrader/internal/database/database.go:319.3,321.37 3 1
github.com/yourusername/firmware-upgrader/internal/database/database.go:324.2,324.22 1 1
github.com/yourusername/firmware-upgrader/internal/database/database.go:328.51,329.40 1 1
github.com/yourusername/firmware-upgrader/internal/database/database.go:329.40,331.3 1 0
github.com/yourusername/firmware-upgrader/internal/database/database.go:333.2,342.16 3 1
github.com/yourusername/firmware-upgrader/internal/database/database.go:342.16,344.3 1 0
github.com/yourusername/firmware-upgrader/internal/database/database.go:346.2,347.16 2 1
github.com/yourusername/firmware-upgrader/internal/database/database.go:347.16,349.3 1 0
github.com/yourusername/firmware-upgrader/internal/database/database.go:350.2,350.15 1 1
github.com/yourusername/firmware-upgrader/internal/database/database.go:350.15,352.3 1 0
github.com/yourusername/firmware-upgrader/internal/database/database.go:354.2,354.12 1 1
github.com/yourusername/firmware-upgrader/internal/database/database.go:358.40,360.16 2 1
github.com/yourusername/firmware-upgrader/internal/database/database.go:360.16,362.3 1 0
github.com/yourusername/firmware-upgrader/internal/database/database.go:364.2,365.16 2 1
github.com/yourusername/firmware-upgrader/internal/database/database.go:365.16,367.3 1 0
github.com/yourusername/firmware-upgrader/internal/database/database.go:368.2,368.15 1 1
github.com/yourusername/firmware-upgrader/internal/database/database.go:368.15,370.3 1 0
github.com/yourusername/firmware-upgrader/internal/database/database.go:372.2,372.12 1 1
github.com/yourusername/firmware-upgrader/internal/database/database.go:378.59,396.16 3 1
github.com/yourusername/firmware-upgrader/internal/database/database.go:396.16,398.3 1 0
github.com/yourusername/firmware-upgrader/internal/database/database.go:400.2,400.12 1 1
github.com/yourusername/firmware-upgrader/internal/database/database.go:404.60,415.26 4 0
github.com/yourusername/firmware-upgrader/internal/database/database.go:415.26,417.3 1 0
github.com/yourusername/firmware-upgrader/internal/database/database.go:418.2,418.16 1 0
github.com/yourusername/firmware-upgrader/internal/database/database.go:418.16,420.3 1 0
github.com/yourusername/firmware-upgrader/internal/database/database.go:422.2,423.20 2 0
github.com/yourusername/firmware-upgrader/internal/database/database.go:427.68,436.16 4 1
github.com/yourusername/firmware-upgrader/internal/database/database.go:436.16,439.3 2 1
github.com/yourusername/firmware-upgrader/internal/database/database.go:439.8,442.3 2 1
github.com/yourusername/firmware-upgrader/internal/database/database.go:444.2,444.16 1 1
github.com/yourusername/firmware-upgrader/internal/database/database.go:444.16,446.3 1 0
github.com/yourusername/firmware-upgrader/internal/database/database.go:447.2,450.18 3 1
github.com/yourusername/firmware-upgrader/internal/database/database.go:450.18,458.17 4 1
github.com/yourusername/firmware-upgrader/internal/database/database.go:458.17,460.4 1 0
github.com/yourusername/firmware-upgrader/internal/database/database.go:462.3,463.34 2 1
github.com/yourusername/firmware-upgrader/internal/database/database.go:466.2,466.20 1 1
github.com/yourusername/firmware-upgrader/internal/database/database.go:472.65,473.40 1 1
github.com/yourusername/firmware-upgrader/internal/database/database.go:473.40,475.3 1 0
github.com/yourusername/firmware-upgrader/internal/database/database.go:477.2,485.16 3 1
github.com/yourusername/firmware-upgrader/internal/database/database.go:485.16,487.3 1 0
github.com/yourusername/firmware-upgrader/internal/database/database.go:489.2,490.16 2 1
github.com/yourusername/firmware-upgrader/internal/database/database.go:490.16,492.3 1 0
github.com/yourusername/firmware-upgrader/internal/database/database.go:494.2,494.21 1 1
github.com/yourusername/firmware-upgrader/internal/database/database.go:498.60,510.26 4 1
github.com/yourusername/firmware-upgrader/internal/database/database.go:510.26,512.3 1 1
github.com/yourusername/firmware-upgrader/internal/database/database.go:513.2,513.16 1 1
github.com/yourusername/firmware-upgrader/internal/database/database.go:513.16,515.3 1 0
github.com/yourusername/firmware-upgrader/internal/database/database.go:517.2,520.19 3 1
github.com/yourusername/firmware-upgrader/internal/database/database.go:524.58,530.16 2 1
github.com/yourusername/firmware-upgrader/internal/database/database.go:530.16,532.3 1 0
github.com/yourusername/firmware-upgrader/internal/database/database.go:533.2,536.18 3 1
github.com/yourusername/firmware-upgrader/internal/database/database.go:536.18,544.17 4 1
github.com/yourusername/firmware-upgrader/internal/database/database.go:544.17,546.4 1 0
github.com/yourusername/firmware-upgrader/internal/database/database.go:548.3,550.31 3 1
github.com/yourusername/firmware-upgrader/internal/database/database.go:553.2,553.19 1 1
github.com/yourusername/firmware-upgrader/internal/database/database.go:557.58,558.40 1 1
github.com/yourusername/firmware-upgrader/internal/database/database.go:558.40,560.3 1 0
github.com/yourusername/firmware-upgrader/internal/database/database.go:562.2,572.16 3 1
github.com/yourusername/firmware-upgrader/internal/database/database.go:572.16,574.3 1 0
github.com/yourusername/firmware-upgrader/internal/database/database.go:576.2,577.16 2 1
github.com/yourusername/firmware-upgrader/internal/database/database.go:577.16,579.3 1 0
github.com/yourusername/firmware-upgrader/internal/database/database.go:580.2,580.15 1 1
github.com/yourusername/firmware-upgrader/internal/database/database.go:580.15,582.3 1 0
github.com/yourusername/firmware-upgrader/internal/database/database.go:584.2,584.12 1 1
github.com/yourusername/firmware-upgrader/internal/database/database.go:588.40,590.16 2 1
github.com/yourusername/firmware-upgrader/internal/database/database.go:590.16,592.3 1 0
github.com/yourusername/firmware-upgrader/internal/database/database.go:594.2,595.16 2 1
github.com/yourusername/firmware-upgrader/internal/database/database.go:595.16,597.3 1 0
github.com/yourusername/firmware-upgrader/internal/database/database.go:598.2,598.15 1 1
github.com/yourusername/firmware-upgrader/internal/database/database.go:598.15,600.3 1 0
github.com/yourusername/firmware-upgrader/internal/database/database.go:602.2,602.12 1 1
github.com/yourusername/firmware-upgrader/internal/database/database.go:608.62,617.16 3 1
github.com/yourusername/firmware-upgrader/internal/database/database.go:617.16,619.3 1 0
github.com/yourusername/firmware-upgrader/internal/database/database.go:621.2,622.16 2 1
github.com/yourusername/firmware-upgrader/internal/database/database.go:622.16,624.3 1 0
github.com/yourusername/firmware-upgrader/internal/database/database.go:626.2,626.21 1 1
github.com/yourusername/firmware-upgrader/internal/database/database.go:630.58,644.26 5 1
github.com/yourusername/firmware-upgrader/internal/database/database.go:644.26,646.3 1 0
github.com/yourusername/firmware-upgrader/internal/database/database.go:647.2,647.16 1 1
github.com/yourusername/firmware-upgrader/internal/database/database.go:647.16,649.3 1 0
github.com/yourusername/firmware-upgrader/internal/database/database.go:651.2,652.21 2 1
github.com/yourusername/firmware-upgrader/internal/database/database.go:652.21,655.3 2 1
github.com/yourusername/firmware-upgrader/internal/database/database.go:656.2,656.23 1 1
github.com/yourusername/firmware-upgrader/internal/database/database.go:656.23,659.3 2 1
github.com/yourusername/firmware-upgrader/internal/database/database.go:661.2,661.18 1 1
github.com/yourusername/firmware-upgrader/internal/database/database.go:665.80,675.18 4 1
github.com/yourusername/firmware-upgrader/internal/database/database.go:675.18,677.16 2 1
github.com/yourusername/firmware-upgrader/internal/database/database.go:677.16,679.4 1 0
github.com/yourusername/firmware-upgrader/internal/database/database.go:680.3,680.43 1 1
github.com/yourusername/firmware-upgrader/internal/database/database.go:681.8,683.16 2 0
github.com/yourusername/firmware-upgrader/internal/database/database.go:683.16,685.4 1 0
github.com/yourusername/firmware-upgrader/internal/database/database.go:686.3,686.35 1 0
github.com/yourusername/firmware-upgrader/internal/database/database.go:689.2,689.16 1 1
github.com/yourusername/firmware-upgrader/internal/database/database.go:689.16,691.3 1 0
github.com/yourusername/firmware-upgrader/internal/database/database.go:692.2,695.18 3 1
github.com/yourusername/firmware-upgrader/internal/database/database.go:695.18,704.17 5 1
github.com/yourusername/firmware-upgrader/internal/database/database.go:704.17,706.4 1 0
github.com/yourusername/firmware-upgrader/internal/database/database.go:708.3,709.22 2 1
github.com/yourusername/firmware-upgrader/internal/database/database.go:709.22,712.4 2 0
github.com/yourusername/firmware-upgrader/internal/database/database.go:713.3,713.24 1 1
github.com/yourusername/firmware-upgrader/internal/database/database.go:713.24,716.4 2 0
github.com/yourusername/firmware-upgrader/internal/database/database.go:718.3,718.28 1 1
github.com/yourusername/firmware-upgrader/internal/database/database.go:721.2,721.18 1 1
github.com/yourusername/firmware-upgrader/internal/database/database.go:725.55,727.26 2 1
github.com/yourusername/firmware-upgrader/internal/database/database.go:727.26,729.3 1 1
github.com/yourusername/firmware-upgrader/internal/database/database.go:730.2,730.28 1 1
github.com/yourusername/firmware-upgrader/internal/database/database.go:730.28,732.3 1 1
github.com/yourusername/firmware-upgrader/internal/database/database.go:734.2,740.16 2 1
github.com/yourusername/firmware-upgrader/internal/database/database.go:740.16,742.3 1 0
github.com/yourusername/firmware-upgrader/internal/database/database.go:744.2,745.16 2 1
github.com/yourusername/firmware-upgrader/internal/database/database.go:745.16,747.3 1 0
github.com/yourusername/firmware-upgrader/internal/database/database.go:748.2,748.15 1 1
github.com/yourusername/firmware-upgrader/internal/database/database.go:748.15,750.3 1 0
github.com/yourusername/firmware-upgrader/internal/database/database.go:752.2,752.12 1 1
github.com/yourusername/firmware-upgrader/internal/database/database.go:758.58,765.16 3 1
github.com/yourusername/firmware-upgrader/internal/database/database.go:765.16,767.3 1 0
github.com/yourusername/firmware-upgrader/internal/database/database.go:769.2,769.12 1 1
github.com/yourusername/firmware-upgrader/internal/database/database.go:773.82,778.16 2 1
github.com/yourusername/firmware-upgrader/internal/database/database.go:778.16,780.3 1 0
github.com/yourusername/firmware-upgrader/internal/database/database.go:781.2,784.18 3 1
github.com/yourusername/firmware-upgrader/internal/database/database.go:784.18,791.17 4 1
github.com/yourusername/firmware-upgrader/internal/database/database.go:791.17,793.4 1 0
github.com/yourusername/firmware-upgrader/internal/database/database.go:795.3,796.28 2 1
github.com/yourusername/firmware-upgrader/internal/database/database.go:799.2,799.18 1 1
github.com/yourusername/firmware-upgrader/internal/database/database.go:803.54,806.16 3 1
github.com/yourusername/firmware-upgrader/internal/database/database.go:806.16,807.27 1 1
github.com/yourusername/firmware-upgrader/internal/database/database.go:807.27,809.4 1 1
github.com/yourusername/firmware-upgrader/internal/database/database.go:810.3,810.17 1 0
github.com/yourusername/firmware-upgrader/internal/database/database.go:812.2,812.19 1 1
github.com/yourusername/firmware-upgrader/internal/database/database.go:816.51,823.2 2 1
github.com/yourusername/firmware-upgrader/internal/database/database.go:826.57,828.16 2 1
github.com/yourusername/firmware-upgrader/internal/database/database.go:828.16,830.3 1 0
github.com/yourusername/firmware-upgrader/internal/database/database.go:831.2,834.18 3 1
github.com/yourusername/firmware-upgrader/internal/database/database.go:834.18,836.49 2 1
github.com/yourusername/firmware-upgrader/internal/database/database.go:836.49,838.4 1 0
github.com/yourusername/firmware-upgrader/internal/database/database.go:839.3,839.24 1 1
github.com/yourusername/firmware-upgrader/internal/database/database.go:841.2,841.22 1 1
github.com/yourusername/firmware-upgrader/internal/engine/engine.go:39.39,43.2 1 1
github.com/yourusername/firmware-upgrader/internal/engine/engine.go:45.31,47.2 1 1
github.com/yourusername/firmware-upgrader/internal/engine/engine.go:49.31,51.2 1 1
github.com/yourusername/firmware-upgrader/internal/engine/engine.go:54.50,55.28 1 1
github.com/yourusername/firmware-upgrader/internal/engine/engine.go:55.28,57.3 1 1
github.com/yourusername/firmware-upgrader/internal/engine/engine.go:58.2,64.3 1 1
github.com/yourusername/firmware-upgrader/internal/engine/engine.go:68.58,73.12 4 1
github.com/yourusername/firmware-upgrader/internal/engine/engine.go:73.12,75.3 1 1
github.com/yourusername/firmware-upgrader/internal/engine/engine.go:77.2,81.49 3 1
github.com/yourusername/firmware-upgrader/internal/engine/engine.go:81.49,83.3 1 0
github.com/yourusername/firmware-upgrader/internal/engine/engine.go:85.2,93.12 4 1
github.com/yourusername/firmware-upgrader/internal/engine/engine.go:97.51,104.40 2 1
github.com/yourusername/firmware-upgrader/internal/engine/engine.go:104.40,106.3 1 1
github.com/yourusername/firmware-upgrader/internal/engine/engine.go:109.2,120.12 7 1
github.com/yourusername/firmware-upgrader/internal/engine/engine.go:124.54,127.6 2 1
github.com/yourusername/firmware-upgrader/internal/engine/engine.go:127.6,128.10 1 1
github.com/yourusername/firmware-upgrader/internal/engine/engine.go:129.21,131.10 2 1
github.com/yourusername/firmware-upgrader/internal/engine/engine.go:132.24,133.49 1 0
github.com/yourusername/firmware-upgrader/internal/engine/engine.go:133.49,139.5 1 0
github.com/yourusername/firmware-upgrader/internal/engine/engine.go:145.49,149.6 3 1
github.com/yourusername/firmware-upgrader/internal/engine/engine.go:149.6,150.10 1 1
github.com/yourusername/firmware-upgrader/internal/engine/engine.go:151.21,152.10 1 1
github.com/yourusername/firmware-upgrader/internal/engine/engine.go:153.19,154.47 1 0
github.com/yourusername/firmware-upgrader/internal/engine/engine.go:154.47,156.5 1 0
github.com/yourusername/firmware-upgrader/internal/engine/engine.go:162.43,164.16 2 1
github.com/yourusername/firmware-upgrader/internal/engine/engine.go:164.16,166.3 1 0
github.com/yourusername/firmware-upgrader/internal/engine/engine.go:169.2,170.16 2 1
github.com/yourusername/firmware-upgrader/internal/engine/engine.go:170.16,172.3 1 0
github.com/yourusername/firmware-upgrader/internal/engine/engine.go:174.2,175.37 2 1
github.com/yourusername/firmware-upgrader/internal/engine/engine.go:175.37,177.3 1 1
github.com/yourusername/firmware-upgrader/internal/engine/engine.go:179.2,179.27 1 1
github.com/yourusername/firmware-upgrader/internal/engine/engine.go:179.27,181.37 1 1
github.com/yourusername/firmware-upgrader/internal/engine/engine.go:181.37,186.12 2 1
github.com/yourusername/firmware-upgrader/internal/engine/engine.go:189.3,189.10 1 0
github.com/yourusername/firmware-upgrader/internal/engine/engine.go:190.22,191.63 1 0
github.com/yourusername/firmware-upgrader/internal/engine/engine.go:192.11,194.14 2 0
github.com/yourusername/firmware-upgrader/internal/engine/engine.go:198.2,198.12 1 1
github.com/yourusername/firmware-upgrader/internal/engine/engine.go:202.80,213.44 5 0
github.com/yourusername/firmware-upgrader/internal/engine/engine.go:213.44,215.3 1 0
github.com/yourusername/firmware-upgrader/internal/engine/engine.go:218.2,226.51 2 0
github.com/yourusername/firmware-upgrader/internal/engine/engine.go:226.51,228.3 1 0
github.com/yourusername/firmware-upgrader/internal/engine/engine.go:231.2,235.44 4 0
github.com/yourusername/firmware-upgrader/internal/engine/engine.go:235.44,237.3 1 0
github.com/yourusername/firmware-upgrader/internal/engine/engine.go:240.2,252.12 3 0
github.com/yourusername/firmware-upgrader/internal/engine/engine.go:256.51,261.16 3 1
github.com/yourusername/firmware-upgrader/internal/engine/engine.go:261.16,263.3 1 1
github.com/yourusername/firmware-upgrader/internal/engine/engine.go:265.2,265.19 1 1
github.com/yourusername/firmware-upgrader/internal/engine/engine.go:265.19,267.3 1 0
github.com/yourusername/firmware-upgrader/internal/engine/engine.go:270.2,271.16 2 1
github.com/yourusername/firmware-upgrader/internal/engine/engine.go:271.16,273.3 1 0
github.com/yourusername/firmware-upgrader/internal/engine/engine.go:274.2,278.16 3 1
github.com/yourusername/firmware-upgrader/internal/engine/engine.go:278.16,280.3 1 1
github.com/yourusername/firmware-upgrader/internal/engine/engine.go:283.2,283.31 1 0
github.com/yourusername/firmware-upgrader/internal/engine/engine.go:283.31,284.49 1 0
github.com/yourusername/firmware-upgrader/internal/engine/engine.go:284.49,289.12 2 0
github.com/yourusername/firmware-upgrader/internal/engine/engine.go:294.2,306.12 3 0
github.com/yourusername/firmware-upgrader/internal/engine/engine.go:310.40,315.16 3 1
github.com/yourusername/firmware-upgrader/internal/engine/engine.go:315.16,317.3 1 0
github.com/yourusername/firmware-upgrader/internal/engine/engine.go:320.2,321.32 2 1
github.com/yourusername/firmware-upgrader/internal/engine/engine.go:321.32,322.19 1 1
github.com/yourusername/firmware-upgrader/internal/engine/engine.go:322.19,324.4 1 1
github.com/yourusername/firmware-upgrader/internal/engine/engine.go:327.2,327.21 1 1
github.com/yourusername/firmware-upgrader/internal/engine/engine.go:327.21,330.3 2 0
github.com/yourusername/firmware-upgrader/internal/engine/engine.go:333.2,334.16 2 1
github.com/yourusername/firmware-upgrader/internal/engine/engine.go:334.16,336.3 1 0
github.com/yourusername/firmware-upgrader/internal/engine/engine.go:339.2,349.31 4 1
github.com/yourusername/firmware-upgrader/internal/engine/engine.go:349.31,351.17 2 1
github.com/yourusername/firmware-upgrader/internal/engine/engine.go:351.17,356.12 2 0
github.com/yourusername/firmware-upgrader/internal/engine/engine.go:359.3,359.18 1 1
github.com/yourusername/firmware-upgrader/internal/engine/engine.go:359.18,360.12 1 0
github.com/yourusername/firmware-upgrader/internal/engine/engine.go:364.3,364.44 1 1
github.com/yourusername/firmware-upgrader/internal/engine/engine.go:364.44,365.12 1 0
github.com/yourusername/firmware-upgrader/internal/engine/engine.go:369.3,370.17 2 1
github.com/yourusername/firmware-upgrader/internal/engine/engine.go:370.17,372.4 1 0
github.com/yourusername/firmware-upgrader/internal/engine/engine.go:374.3,375.17 2 1
github.com/yourusername/firmware-upgrader/internal/engine/engine.go:375.17,377.4 1 0
github.com/yourusername/firmware-upgrader/internal/engine/engine.go:380.3,382.36 3 1
github.com/yourusername/firmware-upgrader/internal/engine/engine.go:382.36,383.42 1 1
github.com/yourusername/firmware-upgrader/internal/engine/engine.go:383.42,390.10 3 1
github.com/yourusername/firmware-upgrader/internal/engine/engine.go:393.3,393.11 1 1
github.com/yourusername/firmware-upgrader/internal/engine/engine.go:393.11,394.12 1 1
github.com/yourusername/firmware-upgrader/internal/engine/engine.go:398.3,411.17 3 1
github.com/yourusername/firmware-upgrader/internal/engine/engine.go:411.17,416.12 2 0
github.com/yourusername/firmware-upgrader/internal/engine/engine.go:419.3,425.16 2 1
github.com/yourusername/firmware-upgrader/internal/engine/engine.go:428.2,432.12 2 1
github.com/yourusername/firmware-upgrader/internal/engine/engine.go:436.84,450.16 6 0
github.com/yourusername/firmware-upgrader/internal/engine/engine.go:450.16,452.3 1 0
github.com/yourusername/firmware-upgrader/internal/engine/engine.go:455.2,455.27 1 0
github.com/yourusername/firmware-upgrader/internal/engine/engine.go:455.27,457.3 1 0
github.com/yourusername/firmware-upgrader/internal/engine/engine.go:460.2,461.16 2 0
github.com/yourusername/firmware-upgrader/internal/engine/engine.go:461.16,463.3 1 0
github.com/yourusername/firmware-upgrader/internal/engine/engine.go:466.2,467.21 2 0
github.com/yourusername/firmware-upgrader/internal/engine/engine.go:467.21,469.3 1 0
github.com/yourusername/firmware-upgrader/internal/engine/engine.go:471.2,471.21 1 0
github.com/yourusername/firmware-upgrader/internal/engine/engine.go:471.21,473.3 1 0
github.com/yourusername/firmware-upgrader/internal/engine/engine.go:475.2,482.16 3 0
github.com/yourusername/firmware-upgrader/internal/engine/engine.go:482.16,484.3 1 0
github.com/yourusername/firmware-upgrader/internal/engine/engine.go:485.2,499.16 4 0
github.com/yourusername/firmware-upgrader/internal/engine/engine.go:499.16,501.3 1 0
github.com/yourusername/firmware-upgrader/internal/engine/engine.go:504.2,513.6 5 0
github.com/yourusername/firmware-upgrader/internal/engine/engine.go:513.6,514.10 1 0
github.com/yourusername/firmware-upgrader/internal/engine/engine.go:515.21,516.57 1 0
github.com/yourusername/firmware-upgrader/internal/engine/engine.go:518.18,519.70 1 0
github.com/yourusername/firmware-upgrader/internal/engine/engine.go:521.19,523.18 2 0
github.com/yourusername/firmware-upgrader/internal/engine/engine.go:523.18,528.13 2 0
github.com/yourusername/firmware-upgrader/internal/engine/engine.go:531.4,536.18 2 0
github.com/yourusername/firmware-upgrader/internal/engine/engine.go:537.21,541.15 2 0
github.com/yourusername/firmware-upgrader/internal/engine/engine.go:543.18,544.59 1 0
github.com/yourusername/firmware-upgrader/internal/engine/engine.go:546.23,549.38 1 0
github.com/yourusername/firmware-upgrader/internal/engine/engine.go:552.12,556.35 1 0
github.com/yourusername/firmware-upgrader/internal/engine/engine.go:563.76,577.37 5 1
github.com/yourusername/firmware-upgrader/internal/engine/engine.go:577.37,580.27 2 1
github.com/yourusername/firmware-upgrader/internal/engine/engine.go:580.27,582.4 1 0
github.com/yourusername/firmware-upgrader/internal/engine/engine.go:583.3,589.57 4 1
github.com/yourusername/firmware-upgrader/internal/engine/engine.go:589.57,591.4 1 0
github.com/yourusername/firmware-upgrader/internal/engine/engine.go:594.3,612.13 4 1
github.com/yourusername/firmware-upgrader/internal/engine/engine.go:616.2,620.56 4 1
github.com/yourusername/firmware-upgrader/internal/engine/engine.go:620.56,622.3 1 0
github.com/yourusername/firmware-upgrader/internal/engine/engine.go:625.2,632.75 2 1
github.com/yourusername/firmware-upgrader/internal/engine/engine.go:636.58,648.6 5 1
github.com/yourusername/firmware-upgrader/internal/engine/engine.go:648.6,649.10 1 1
github.com/yourusername/firmware-upgrader/internal/engine/engine.go:650.21,652.10 2 1
github.com/yourusername/firmware-upgrader/internal/engine/engine.go:653.19,654.30 1 0
github.com/yourusername/firmware-upgrader/internal/engine/engine.go:660.63,674.42 6 1
github.com/yourusername/firmware-upgrader/internal/engine/engine.go:674.42,676.3 1 0
github.com/yourusername/firmware-upgrader/internal/engine/engine.go:678.2,678.6 1 0
github.com/yourusername/firmware-upgrader/internal/engine/engine.go:678.6,679.10 1 0
github.com/yourusername/firmware-upgrader/internal/engine/engine.go:680.21,682.10 2 0
github.com/yourusername/firmware-upgrader/internal/engine/engine.go:683.19,684.44 1 0
github.com/yourusername/firmware-upgrader/internal/engine/engine.go:684.44,686.5 1 0
github.com/yourusername/firmware-upgrader/internal/engine/engine.go:692.43,694.16 2 1
github.com/yourusername/firmware-upgrader/internal/engine/engine.go:694.16,697.3 2 0
github.com/yourusername/firmware-upgrader/internal/engine/engine.go:699.2,700.32 2 1
github.com/yourusername/firmware-upgrader/internal/engine/engine.go:700.32,701.20 1 1
github.com/yourusername/firmware-upgrader/internal/engine/engine.go:701.20,705.12 2 0
github.com/yourusername/firmware-upgrader/internal/engine/engine.go:709.3,709.32 1 1
github.com/yourusername/firmware-upgrader/internal/engine/engine.go:709.32,715.47 2 1
github.com/yourusername/firmware-upgrader/internal/engine/engine.go:715.47,721.5 1 1
github.com/yourusername/firmware-upgrader/internal/engine/engine.go:724.3,724.19 1 1
github.com/yourusername/firmware-upgrader/internal/engine/engine.go:727.2,727.24 1 1
github.com/yourusername/firmware-upgrader/internal/engine/engine.go:727.24,731.3 1 1
github.com/yourusername/firmware-upgrader/internal/engine/matcher.go:18.28,20.2 1 1
github.com/yourusername/firmware-upgrader/internal/engine/matcher.go:23.121,24.18 1 1
github.com/yourusername/firmware-upgrader/internal/engine/matcher.go:24.18,26.3 1 0
github.com/yourusername/firmware-upgrader/internal/engine/matcher.go:29.2,29.29 1 1
github.com/yourusername/firmware-upgrader/internal/engine/matcher.go:29.29,30.20 1 1
github.com/yourusername/firmware-upgrader/internal/engine/matcher.go:30.20,31.12 1 1
github.com/yourusername/firmware-upgrader/internal/engine/matcher.go:34.3,35.17 2 1
github.com/yourusername/firmware-upgrader/internal/engine/matcher.go:35.17,41.12 2 1
github.com/yourusername/firmware-upgrader/internal/engine/matcher.go:44.3,44.12 1 1
github.com/yourusername/firmware-upgrader/internal/engine/matcher.go:44.12,51.4 2 1
github.com/yourusername/firmware-upgrader/internal/engine/matcher.go:54.2,54.17 1 1
github.com/yourusername/firmware-upgrader/internal/engine/matcher.go:58.95,60.16 2 1
github.com/yourusername/firmware-upgrader/internal/engine/matcher.go:60.16,62.3 1 1
github.com/yourusername/firmware-upgrader/internal/engine/matcher.go:64.2,64.24 1 1
github.com/yourusername/firmware-upgrader/internal/engine/matcher.go:65.19,66.53 1 1
github.com/yourusername/firmware-upgrader/internal/engine/matcher.go:67.24,68.56 1 1
github.com/yourusername/firmware-upgrader/internal/engine/matcher.go:69.10,70.69 1 0
github.com/yourusername/firmware-upgrader/internal/engine/matcher.go:75.91,76.54 1 1
github.com/yourusername/firmware-upgrader/internal/engine/matcher.go:76.54,78.3 1 1
github.com/yourusername/firmware-upgrader/internal/engine/matcher.go:81.2,82.16 2 1
github.com/yourusername/firmware-upgrader/internal/engine/matcher.go:82.16,84.3 1 1
github.com/yourusername/firmware-upgrader/internal/engine/matcher.go:86.2,87.16 2 1
github.com/yourusername/firmware-upgrader/internal/engine/matcher.go:87.16,89.3 1 0
github.com/yourusername/firmware-upgrader/internal/engine/matcher.go:91.2,92.16 2 1
github.com/yourusername/firmware-upgrader/internal/engine/matcher.go:92.16,94.3 1 0
github.com/yourusername/firmware-upgrader/internal/engine/matcher.go:97.2,110.21 6 1
github.com/yourusername/firmware-upgrader/internal/engine/matcher.go:114.101,115.28 1 1
github.com/yourusername/firmware-upgrader/internal/engine/matcher.go:115.28,117.3 1 1
github.com/yourusername/firmware-upgrader/internal/engine/matcher.go:120.2,121.16 2 1
github.com/yourusername/firmware-upgrader/internal/engine/matcher.go:121.16,123.3 1 1
github.com/yourusername/firmware-upgrader/internal/engine/matcher.go:125.2,133.19 3 1
github.com/yourusername/firmware-upgrader/internal/engine/matcher.go:137.122,140.31 2 0
github.com/yourusername/firmware-upgrader/internal/engine/matcher.go:140.31,142.17 2 0
github.com/yourusername/firmware-upgrader/internal/engine/matcher.go:142.17,148.12 2 0
github.com/yourusername/firmware-upgrader/internal/engine/matcher.go:151.3,151.18 1 0
github.com/yourusername/firmware-upgrader/internal/engine/matcher.go:151.18,153.4 1 0
github.com/yourusername/firmware-upgrader/internal/engine/matcher.go:156.2,161.16 2 0
github.com/yourusername/firmware-upgrader/internal/engine/matcher.go:165.79,167.72 2 1
github.com/yourusername/firmware-upgrader/internal/engine/matcher.go:167.72,169.3 1 1
github.com/yourusername/firmware-upgrader/internal/engine/matcher.go:171.2,171.19 1 1
github.com/yourusername/firmware-upgrader/internal/engine/matcher.go:172.19,173.30 1 1
github.com/yourusername/firmware-upgrader/internal/engine/matcher.go:173.30,175.4 1 1
github.com/yourusername/firmware-upgrader/internal/engine/matcher.go:176.3,176.28 1 1
github.com/yourusername/firmware-upgrader/internal/engine/matcher.go:176.28,178.4 1 1
github.com/yourusername/firmware-upgrader/internal/engine/matcher.go:181.3,181.56 1 1
github.com/yourusername/firmware-upgrader/internal/engine/matcher.go:181.56,183.4 1 1
github.com/yourusername/firmware-upgrader/internal/engine/matcher.go:184.3,184.54 1 1
github.com/yourusername/firmware-upgrader/internal/engine/matcher.go:184.54,186.4 1 0
github.com/yourusername/firmware-upgrader/internal/engine/matcher.go:189.3,191.44 3 1
github.com/yourusername/firmware-upgrader/internal/engine/matcher.go:191.44,193.4 1 1
github.com/yourusername/firmware-upgrader/internal/engine/matcher.go:195.24,196.29 1 1
github.com/yourusername/firmware-upgrader/internal/engine/matcher.go:196.29,198.4 1 1
github.com/yourusername/firmware-upgrader/internal/engine/matcher.go:201.3,201.61 1 1
github.com/yourusername/firmware-upgrader/internal/engine/matcher.go:201.61,203.4 1 1
github.com/yourusername/firmware-upgrader/internal/engine/matcher.go:205.10,206.57 1 1
github.com/yourusername/firmware-upgrader/internal/engine/matcher.go:209.2,209.12 1 1
github.com/yourusername/firmware-upgrader/internal/engine/matcher.go:215.53,220.34 2 1
github.com/yourusername/firmware-upgrader/internal/engine/matcher.go:220.34,222.88 2 1
github.com/yourusername/firmware-upgrader/internal/engine/matcher.go:222.88,228.4 1 1
github.com/yourusername/firmware-upgrader/internal/engine/matcher.go:229.8,233.3 2 1
github.com/yourusername/firmware-upgrader/internal/engine/matcher.go:236.2,236.51 1 1
github.com/yourusername/firmware-upgrader/internal/engine/matcher.go:236.51,239.3 1 1
github.com/yourusername/firmware-upgrader/internal/engine/matcher.go:241.2,242.16 2 1
github.com/yourusername/firmware-upgrader/internal/engine/matcher.go:242.16,244.3 1 1
github.com/yourusername/firmware-upgrader/internal/engine/matcher.go:246.2,246.16 1 1
github.com/yourusername/firmware-upgrader/internal/engine/matcher.go:250.47,251.19 1 1
github.com/yourusername/firmware-upgrader/internal/engine/matcher.go:251.19,253.3 1 0
github.com/yourusername/firmware-upgrader/internal/engine/matcher.go:255.2,260.17 1 1
github.com/yourusername/firmware-upgrader/internal/engine/matcher.go:264.90,266.33 1 1
github.com/yourusername/firmware-upgrader/internal/engine/matcher.go:266.33,271.3 2 1
github.com/yourusername/firmware-upgrader/internal/engine/matcher.go:274.2,277.26 3 1
github.com/yourusername/firmware-upgrader/internal/engine/matcher.go:277.26,280.3 1 1
github.com/yourusername/firmware-upgrader/internal/engine/matcher.go:282.2,282.39 1 1
github.com/yourusername/firmware-upgrader/internal/engine/matcher.go:282.39,288.3 2 1
github.com/yourusername/firmware-upgrader/internal/engine/matcher.go:290.2,296.13 2 1
github.com/yourusername/firmware-upgrader/internal/engine/matcher.go:300.53,310.22 3 1
github.com/yourusername/firmware-upgrader/internal/engine/matcher.go:310.22,313.3 1 1
github.com/yourusername/firmware-upgrader/internal/engine/matcher.go:315.2,315.11 1 1
github.com/yourusername/firmware-upgrader/internal/engine/matcher.go:319.90,322.31 2 1
github.com/yourusername/firmware-upgrader/internal/engine/matcher.go:322.31,324.31 1 1
github.com/yourusername/firmware-upgrader/internal/engine/matcher.go:324.31,329.12 2 1
github.com/yourusername/firmware-upgrader/internal/engine/matcher.go:333.3,333.60 1 1
github.com/yourusername/firmware-upgrader/internal/engine/matcher.go:333.60,338.12 2 1
github.com/yourusername/firmware-upgrader/internal/engine/matcher.go:341.3,341.37 1 1
github.com/yourusername/firmware-upgrader/internal/engine/matcher.go:344.2,349.17 2 1
